[2023-10-21 19:01:07,265: INFO: main: Welcome to our custom logging]
[2023-10-22 22:49:25,226: INFO: common: yaml file: config\config.yaml loaded successfully]
[2023-10-22 22:49:25,233: INFO: common: yaml file: params.yaml loaded successfully]
[2023-10-22 22:49:25,236: INFO: common: created directory at: artifacts]
[2023-10-22 22:49:25,238: INFO: common: created directory at: artifacts/data_ingestion]
[2023-10-22 22:49:28,590: INFO: 2782380694: artifacts/data_ingestion/data.zip download! with following info: 
Connection: close
Content-Length: 3334645
Cache-Control: max-age=300
Content-Security-Policy: default-src 'none'; style-src 'unsafe-inline'; sandbox
Content-Type: application/octet-stream
ETag: "f706cb93383e0b5850eed7f30476fc3cd659842c14d7a23fbb5d785e06e6b389"
Strict-Transport-Security: max-age=31536000
X-Content-Type-Options: nosniff
X-Frame-Options: deny
X-XSS-Protection: 1; mode=block
X-GitHub-Request-Id: F9BC:1BEE5D:1083C:1961F:65357D4F
Accept-Ranges: bytes
Date: Sun, 22 Oct 2023 19:51:44 GMT
Via: 1.1 varnish
X-Served-By: cache-jnb7023-JNB
X-Cache: MISS
X-Cache-Hits: 0
X-Timer: S1698004304.838973,VS0,VE361
Vary: Authorization,Accept-Encoding,Origin
Access-Control-Allow-Origin: *
Cross-Origin-Resource-Policy: cross-origin
X-Fastly-Request-ID: 32922f44ec867a6e1d656df1609de137005960b3
Expires: Sun, 22 Oct 2023 19:56:44 GMT
Source-Age: 0

]
[2023-10-22 22:54:36,170: INFO: common: yaml file: config\config.yaml loaded successfully]
[2023-10-22 22:54:36,173: INFO: common: yaml file: params.yaml loaded successfully]
[2023-10-22 22:54:36,175: INFO: common: created directory at: artifacts]
[2023-10-22 22:54:36,177: INFO: common: created directory at: artifacts/data_ingestion]
[2023-10-22 22:54:36,179: INFO: 2895675728: file already exists of ~ 3256 KB]
[2023-10-22 23:00:39,760: INFO: common: yaml file: config\config.yaml loaded successfully]
[2023-10-22 23:00:39,762: INFO: common: yaml file: params.yaml loaded successfully]
[2023-10-22 23:00:39,763: INFO: common: created directory at: artifacts]
[2023-10-22 23:00:39,765: INFO: common: created directory at: artifacts/data_ingestion]
[2023-10-22 23:00:39,766: INFO: 2895675728: file already exists of ~ 3256 KB]
[2023-10-22 23:01:11,246: INFO: common: yaml file: config\config.yaml loaded successfully]
[2023-10-22 23:01:11,249: INFO: common: yaml file: params.yaml loaded successfully]
[2023-10-22 23:01:11,252: INFO: common: created directory at: artifacts]
[2023-10-22 23:01:11,254: INFO: common: created directory at: artifacts/data_ingestion]
[2023-10-22 23:01:14,547: INFO: 2895675728: artifacts/data_ingestion/data.zip download! with following info: 
Connection: close
Content-Length: 4187731
Cache-Control: max-age=300
Content-Security-Policy: default-src 'none'; style-src 'unsafe-inline'; sandbox
Content-Type: application/zip
ETag: "0f3aecba4cf6dbef76b105f445f53700129df7c27e96aee014bc1d54654140fa"
Strict-Transport-Security: max-age=31536000
X-Content-Type-Options: nosniff
X-Frame-Options: deny
X-XSS-Protection: 1; mode=block
X-GitHub-Request-Id: F928:CA840:C3667:152995:65357F92
Accept-Ranges: bytes
Date: Sun, 22 Oct 2023 20:03:29 GMT
Via: 1.1 varnish
X-Served-By: cache-jnb7023-JNB
X-Cache: HIT
X-Cache-Hits: 1
X-Timer: S1698005010.815845,VS0,VE4
Vary: Authorization,Accept-Encoding,Origin
Access-Control-Allow-Origin: *
Cross-Origin-Resource-Policy: cross-origin
X-Fastly-Request-ID: 51cf7d7aa426b23f91213a4f2d48a26c3aa05b52
Expires: Sun, 22 Oct 2023 20:08:29 GMT
Source-Age: 127

]
[2023-10-22 23:08:15,695: INFO: common: yaml file: config\config.yaml loaded successfully]
[2023-10-22 23:08:15,695: INFO: common: yaml file: params.yaml loaded successfully]
[2023-10-22 23:08:15,695: INFO: common: created directory at: artifacts]
[2023-10-22 23:08:15,695: INFO: common: created directory at: artifacts/data_ingestion]
[2023-10-22 23:08:20,263: INFO: 2895675728: artifacts/data_ingestion/data.zip download! with following info: 
Connection: close
Content-Length: 7903594
Cache-Control: max-age=300
Content-Security-Policy: default-src 'none'; style-src 'unsafe-inline'; sandbox
Content-Type: application/zip
ETag: "dbc016a060da18070593b83afff580c9b300f0b6ea4147a7988433e04df246ca"
Strict-Transport-Security: max-age=31536000
X-Content-Type-Options: nosniff
X-Frame-Options: deny
X-XSS-Protection: 1; mode=block
X-GitHub-Request-Id: D4F2:C752A:C0682:15006A:6535819E
Accept-Ranges: bytes
Date: Sun, 22 Oct 2023 20:10:34 GMT
Via: 1.1 varnish
X-Served-By: cache-jnb7023-JNB
X-Cache: HIT
X-Cache-Hits: 0
X-Timer: S1698005434.000752,VS0,VE1
Vary: Authorization,Accept-Encoding,Origin
Access-Control-Allow-Origin: *
Cross-Origin-Resource-Policy: cross-origin
X-Fastly-Request-ID: 8a08fa29c570f923efffc717e133793450e8f26b
Expires: Sun, 22 Oct 2023 20:15:34 GMT
Source-Age: 27

]
[2023-10-22 23:25:37,719: INFO: main: >>>> stage Data Ingestion stage started <<<<]
[2023-10-22 23:25:37,721: INFO: common: yaml file: config\config.yaml loaded successfully]
[2023-10-22 23:25:37,722: INFO: common: yaml file: params.yaml loaded successfully]
[2023-10-22 23:25:37,722: INFO: common: created directory at: artifacts]
[2023-10-22 23:25:37,723: INFO: common: created directory at: artifacts/data_ingestion]
[2023-10-22 23:25:44,105: INFO: data_ingestion: artifacts/data_ingestion/data.zip download! with following info: 
Connection: close
Content-Length: 7903594
Cache-Control: max-age=300
Content-Security-Policy: default-src 'none'; style-src 'unsafe-inline'; sandbox
Content-Type: application/zip
ETag: "dbc016a060da18070593b83afff580c9b300f0b6ea4147a7988433e04df246ca"
Strict-Transport-Security: max-age=31536000
X-Content-Type-Options: nosniff
X-Frame-Options: deny
X-XSS-Protection: 1; mode=block
X-GitHub-Request-Id: D4F2:C752A:C0682:15006A:6535819E
Accept-Ranges: bytes
Date: Sun, 22 Oct 2023 20:27:56 GMT
Via: 1.1 varnish
X-Served-By: cache-jnb7026-JNB
X-Cache: HIT
X-Cache-Hits: 3
X-Timer: S1698006476.095718,VS0,VE309
Vary: Authorization,Accept-Encoding,Origin
Access-Control-Allow-Origin: *
Cross-Origin-Resource-Policy: cross-origin
X-Fastly-Request-ID: 3a2eea9b25ae30071ef389f3c4055bae2b7963a9
Expires: Sun, 22 Oct 2023 20:32:56 GMT
Source-Age: 0

]
[2023-10-22 23:25:44,247: INFO: main: >>>> stage Data Ingestion stage completed <<<<<
]
[2023-10-23 00:34:12,816: INFO: common: yaml file: config\config.yaml loaded successfully]
[2023-10-23 00:34:12,819: INFO: common: yaml file: params.yaml loaded successfully]
[2023-10-23 00:34:12,822: INFO: common: created directory at: artifacts]
[2023-10-23 00:34:12,824: INFO: common: created directory at: artifacts/data_validation]
[2023-10-23 00:52:36,770: INFO: main: >>>> stage Data Ingestion stage started <<<<]
[2023-10-23 00:52:36,772: INFO: common: yaml file: config\config.yaml loaded successfully]
[2023-10-23 00:52:36,773: INFO: common: yaml file: params.yaml loaded successfully]
[2023-10-23 00:52:36,774: INFO: common: created directory at: artifacts]
[2023-10-23 00:52:36,775: INFO: common: created directory at: artifacts/data_ingestion]
[2023-10-23 00:52:42,194: INFO: data_ingestion: artifacts/data_ingestion/data.zip download! with following info: 
Connection: close
Content-Length: 7903594
Cache-Control: max-age=300
Content-Security-Policy: default-src 'none'; style-src 'unsafe-inline'; sandbox
Content-Type: application/zip
ETag: "dbc016a060da18070593b83afff580c9b300f0b6ea4147a7988433e04df246ca"
Strict-Transport-Security: max-age=31536000
X-Content-Type-Options: nosniff
X-Frame-Options: deny
X-XSS-Protection: 1; mode=block
X-GitHub-Request-Id: DF50:E6BCE:B92AE:1406AE:65359A2E
Accept-Ranges: bytes
Date: Sun, 22 Oct 2023 21:54:55 GMT
Via: 1.1 varnish
X-Served-By: cache-jnb7024-JNB
X-Cache: MISS
X-Cache-Hits: 0
X-Timer: S1698011695.146333,VS0,VE794
Vary: Authorization,Accept-Encoding,Origin
Access-Control-Allow-Origin: *
Cross-Origin-Resource-Policy: cross-origin
X-Fastly-Request-ID: aa09c5b192fba8a96efdbc96b42a4cb96d29b2e6
Expires: Sun, 22 Oct 2023 21:59:55 GMT
Source-Age: 0

]
[2023-10-23 00:52:42,323: INFO: main: >>>> stage Data Ingestion stage completed <<<<<
]
[2023-10-23 00:52:42,323: INFO: main: >>>> stage Data Validation stage started <<<<]
[2023-10-23 00:52:42,327: INFO: common: yaml file: config\config.yaml loaded successfully]
[2023-10-23 00:52:42,328: INFO: common: yaml file: params.yaml loaded successfully]
[2023-10-23 00:52:42,329: INFO: common: created directory at: artifacts]
[2023-10-23 00:52:42,329: INFO: common: created directory at: artifacts/data_validation]
[2023-10-23 00:52:42,330: ERROR: main: name 'os' is not defined]
Traceback (most recent call last):
  File "main.py", line 23, in <module>
    data_validation.main()
  File "e:\datascience\project\text-summarizer\src\textSummarizer\pipeline\stage_02_data_validation.py", line 14, in main
    data_validation.validate_all_files_exists()
  File "e:\datascience\project\text-summarizer\src\textSummarizer\components\data_validation.py", line 26, in validate_all_files_exists
    raise e
  File "e:\datascience\project\text-summarizer\src\textSummarizer\components\data_validation.py", line 11, in validate_all_files_exists
    all_files = os.listdir(os.path.join("artifacts","data_ingestion","samsum_dataset"))
NameError: name 'os' is not defined
[2023-10-23 00:54:11,273: INFO: main: >>>> stage Data Ingestion stage started <<<<]
[2023-10-23 00:54:11,280: INFO: common: yaml file: config\config.yaml loaded successfully]
[2023-10-23 00:54:11,282: INFO: common: yaml file: params.yaml loaded successfully]
[2023-10-23 00:54:11,285: INFO: common: created directory at: artifacts]
[2023-10-23 00:54:11,287: INFO: common: created directory at: artifacts/data_ingestion]
[2023-10-23 00:54:15,531: INFO: data_ingestion: artifacts/data_ingestion/data.zip download! with following info: 
Connection: close
Content-Length: 7903594
Cache-Control: max-age=300
Content-Security-Policy: default-src 'none'; style-src 'unsafe-inline'; sandbox
Content-Type: application/zip
ETag: "dbc016a060da18070593b83afff580c9b300f0b6ea4147a7988433e04df246ca"
Strict-Transport-Security: max-age=31536000
X-Content-Type-Options: nosniff
X-Frame-Options: deny
X-XSS-Protection: 1; mode=block
X-GitHub-Request-Id: DF50:E6BCE:B92AE:1406AE:65359A2E
Accept-Ranges: bytes
Date: Sun, 22 Oct 2023 21:56:29 GMT
Via: 1.1 varnish
X-Served-By: cache-jnb7026-JNB
X-Cache: HIT
X-Cache-Hits: 1
X-Timer: S1698011789.261334,VS0,VE0
Vary: Authorization,Accept-Encoding,Origin
Access-Control-Allow-Origin: *
Cross-Origin-Resource-Policy: cross-origin
X-Fastly-Request-ID: e22fbe0807c45ed66a82aeb0c75b5b8329dc6911
Expires: Sun, 22 Oct 2023 22:01:29 GMT
Source-Age: 94

]
[2023-10-23 00:54:15,734: INFO: main: >>>> stage Data Ingestion stage completed <<<<<
]
[2023-10-23 00:54:15,735: INFO: main: >>>> stage Data Validation stage started <<<<]
[2023-10-23 00:54:15,737: INFO: common: yaml file: config\config.yaml loaded successfully]
[2023-10-23 00:54:15,738: INFO: common: yaml file: params.yaml loaded successfully]
[2023-10-23 00:54:15,739: INFO: common: created directory at: artifacts]
[2023-10-23 00:54:15,740: INFO: common: created directory at: artifacts/data_validation]
[2023-10-23 00:54:15,744: INFO: main: >>>> stage Data Validation stage completed <<<<<
]
[2023-10-23 01:14:44,885: INFO: common: yaml file: config\config.yaml loaded successfully]
[2023-10-23 01:14:44,888: INFO: common: yaml file: params.yaml loaded successfully]
[2023-10-23 01:14:44,890: INFO: common: created directory at: artifacts]
[2023-10-23 01:17:36,124: INFO: common: yaml file: config\config.yaml loaded successfully]
[2023-10-23 01:17:36,126: INFO: common: yaml file: params.yaml loaded successfully]
[2023-10-23 01:17:36,129: INFO: common: created directory at: artifacts]
[2023-10-23 01:18:31,499: INFO: common: yaml file: config\config.yaml loaded successfully]
[2023-10-23 01:18:31,501: INFO: common: yaml file: params.yaml loaded successfully]
[2023-10-23 01:18:31,503: INFO: common: created directory at: artifacts]
[2023-10-23 01:18:31,506: INFO: common: created directory at: artifacts/data_transformation]
[2023-10-23 01:30:16,438: INFO: main: >>>> stage Data Ingestion stage started <<<<]
[2023-10-23 01:30:16,442: INFO: common: yaml file: config\config.yaml loaded successfully]
[2023-10-23 01:30:16,444: INFO: common: yaml file: params.yaml loaded successfully]
[2023-10-23 01:30:16,445: INFO: common: created directory at: artifacts]
[2023-10-23 01:30:16,446: INFO: common: created directory at: artifacts/data_ingestion]
[2023-10-23 01:30:21,410: INFO: data_ingestion: artifacts/data_ingestion/data.zip download! with following info: 
Connection: close
Content-Length: 7903594
Cache-Control: max-age=300
Content-Security-Policy: default-src 'none'; style-src 'unsafe-inline'; sandbox
Content-Type: application/zip
ETag: "dbc016a060da18070593b83afff580c9b300f0b6ea4147a7988433e04df246ca"
Strict-Transport-Security: max-age=31536000
X-Content-Type-Options: nosniff
X-Frame-Options: deny
X-XSS-Protection: 1; mode=block
X-GitHub-Request-Id: DF50:E6BCE:B92AE:1406AE:65359A2E
Accept-Ranges: bytes
Date: Sun, 22 Oct 2023 22:32:35 GMT
Via: 1.1 varnish
X-Served-By: cache-jnb7022-JNB
X-Cache: HIT
X-Cache-Hits: 0
X-Timer: S1698013955.807386,VS0,VE283
Vary: Authorization,Accept-Encoding,Origin
Access-Control-Allow-Origin: *
Cross-Origin-Resource-Policy: cross-origin
X-Fastly-Request-ID: cb623dc1b0eaff53605b39d3078831f34a92d803
Expires: Sun, 22 Oct 2023 22:37:35 GMT
Source-Age: 0

]
[2023-10-23 01:30:21,571: INFO: main: >>>> stage Data Ingestion stage completed <<<<<
]
[2023-10-23 01:30:21,571: INFO: main: >>>> stage Data Validation stage started <<<<]
[2023-10-23 01:30:21,574: INFO: common: yaml file: config\config.yaml loaded successfully]
[2023-10-23 01:30:21,575: INFO: common: yaml file: params.yaml loaded successfully]
[2023-10-23 01:30:21,576: INFO: common: created directory at: artifacts]
[2023-10-23 01:30:21,576: INFO: common: created directory at: artifacts/data_validation]
[2023-10-23 01:30:21,580: INFO: main: >>>> stage Data Validation stage completed <<<<<
]
[2023-10-23 01:30:21,581: INFO: main: >>>> stage Data Transformation stage started <<<<]
[2023-10-23 01:30:21,583: INFO: common: yaml file: config\config.yaml loaded successfully]
[2023-10-23 01:30:21,584: INFO: common: yaml file: params.yaml loaded successfully]
[2023-10-23 01:30:21,585: INFO: common: created directory at: artifacts]
[2023-10-23 01:30:21,586: INFO: common: created directory at: artifacts/data_transformation]
[2023-10-23 01:30:28,018: INFO: main: >>>> stage Data Transformation stage completed <<<<<
]
[2023-10-23 13:34:33,333: INFO: common: yaml file: config\config.yaml loaded successfully]
[2023-10-23 13:34:33,367: INFO: common: yaml file: params.yaml loaded successfully]
[2023-10-23 13:34:33,370: INFO: common: created directory at: artifacts]
[2023-10-23 13:35:36,032: INFO: common: yaml file: config\config.yaml loaded successfully]
[2023-10-23 13:35:36,037: INFO: common: yaml file: params.yaml loaded successfully]
[2023-10-23 13:35:36,039: INFO: common: created directory at: artifacts]
[2023-10-23 13:35:36,042: INFO: common: created directory at: artifacts/model_trainer]
[2023-10-23 13:41:21,366: INFO: common: yaml file: config\config.yaml loaded successfully]
[2023-10-23 13:41:21,370: INFO: common: yaml file: params.yaml loaded successfully]
[2023-10-23 13:41:21,373: INFO: common: created directory at: artifacts]
[2023-10-23 13:41:21,376: INFO: common: created directory at: artifacts/model_trainer]
[2023-10-23 13:47:48,911: INFO: common: yaml file: config\config.yaml loaded successfully]
[2023-10-23 13:47:48,915: INFO: common: yaml file: params.yaml loaded successfully]
[2023-10-23 13:47:48,919: INFO: common: created directory at: artifacts]
[2023-10-23 13:47:48,921: INFO: common: created directory at: artifacts/model_trainer]
[2023-10-23 13:50:34,308: INFO: common: yaml file: config\config.yaml loaded successfully]
[2023-10-23 13:50:34,312: INFO: common: yaml file: params.yaml loaded successfully]
[2023-10-23 13:50:34,314: INFO: common: created directory at: artifacts]
[2023-10-23 13:50:34,316: INFO: common: created directory at: artifacts/model_trainer]
[2023-10-23 14:27:05,461: INFO: common: yaml file: config\config.yaml loaded successfully]
[2023-10-23 14:27:05,494: INFO: common: yaml file: params.yaml loaded successfully]
[2023-10-23 14:27:05,497: INFO: common: created directory at: artifacts]
[2023-10-23 14:27:05,499: INFO: common: created directory at: artifacts/model_trainer]
[2023-10-23 14:27:37,636: INFO: common: yaml file: config\config.yaml loaded successfully]
[2023-10-23 14:27:37,639: INFO: common: yaml file: params.yaml loaded successfully]
[2023-10-23 14:27:37,641: INFO: common: created directory at: artifacts]
[2023-10-23 14:27:37,643: INFO: common: created directory at: artifacts/model_trainer]
[2023-10-23 14:28:22,081: INFO: common: yaml file: config\config.yaml loaded successfully]
[2023-10-23 14:28:22,085: INFO: common: yaml file: params.yaml loaded successfully]
[2023-10-23 14:28:22,087: INFO: common: created directory at: artifacts]
[2023-10-23 14:28:22,089: INFO: common: created directory at: artifacts/model_trainer]
[2023-10-23 14:29:09,407: INFO: common: yaml file: config\config.yaml loaded successfully]
[2023-10-23 14:29:09,412: INFO: common: yaml file: params.yaml loaded successfully]
[2023-10-23 14:29:09,415: INFO: common: created directory at: artifacts]
[2023-10-23 14:29:09,417: INFO: common: created directory at: artifacts/model_trainer]
